<?xml version="1.0" encoding="UTF-8"?>
<testsuite xmlns:xsi="http://www.w3.org/2001/XMLSchema-instance" xsi:noNamespaceSchemaLocation="https://maven.apache.org/surefire/maven-surefire-plugin/xsd/surefire-test-report.xsd" name="com.example.AppTest" time="0.03" tests="1" errors="0" skipped="0" failures="0">
  <properties>
    <property name="java.specification.version" value="17"/>
    <property name="sun.cpu.isalist" value="amd64"/>
    <property name="sun.jnu.encoding" value="Cp1252"/>
    <property name="java.class.path" value="F:\UNI\gp\nodeMetricsToDb\node_metrics_to_db\target\test-classes;F:\UNI\gp\nodeMetricsToDb\node_metrics_to_db\target\classes;C:\Users\adham\.m2\repository\junit\junit\4.11\junit-4.11.jar;C:\Users\adham\.m2\repository\org\hamcrest\hamcrest-core\1.3\hamcrest-core-1.3.jar;C:\Users\adham\.m2\repository\io\fabric8\kubernetes-client\6.6.0\kubernetes-client-6.6.0.jar;C:\Users\adham\.m2\repository\io\fabric8\kubernetes-client-api\6.6.0\kubernetes-client-api-6.6.0.jar;C:\Users\adham\.m2\repository\io\fabric8\kubernetes-model-gatewayapi\6.6.0\kubernetes-model-gatewayapi-6.6.0.jar;C:\Users\adham\.m2\repository\io\fabric8\kubernetes-model-resource\6.6.0\kubernetes-model-resource-6.6.0.jar;C:\Users\adham\.m2\repository\io\fabric8\kubernetes-model-flowcontrol\6.6.0\kubernetes-model-flowcontrol-6.6.0.jar;C:\Users\adham\.m2\repository\io\fabric8\kubernetes-model-node\6.6.0\kubernetes-model-node-6.6.0.jar;C:\Users\adham\.m2\repository\org\slf4j\slf4j-api\1.7.36\slf4j-api-1.7.36.jar;C:\Users\adham\.m2\repository\org\snakeyaml\snakeyaml-engine\2.6\snakeyaml-engine-2.6.jar;C:\Users\adham\.m2\repository\com\fasterxml\jackson\dataformat\jackson-dataformat-yaml\2.14.2\jackson-dataformat-yaml-2.14.2.jar;C:\Users\adham\.m2\repository\org\yaml\snakeyaml\1.33\snakeyaml-1.33.jar;C:\Users\adham\.m2\repository\com\fasterxml\jackson\datatype\jackson-datatype-jsr310\2.14.2\jackson-datatype-jsr310-2.14.2.jar;C:\Users\adham\.m2\repository\com\fasterxml\jackson\core\jackson-databind\2.14.2\jackson-databind-2.14.2.jar;C:\Users\adham\.m2\repository\com\fasterxml\jackson\core\jackson-core\2.14.2\jackson-core-2.14.2.jar;C:\Users\adham\.m2\repository\io\fabric8\kubernetes-httpclient-okhttp\6.6.0\kubernetes-httpclient-okhttp-6.6.0.jar;C:\Users\adham\.m2\repository\com\squareup\okhttp3\okhttp\3.12.12\okhttp-3.12.12.jar;C:\Users\adham\.m2\repository\com\squareup\okio\okio\1.15.0\okio-1.15.0.jar;C:\Users\adham\.m2\repository\com\squareup\okhttp3\logging-interceptor\3.12.12\logging-interceptor-3.12.12.jar;C:\Users\adham\.m2\repository\io\fabric8\zjsonpatch\0.3.0\zjsonpatch-0.3.0.jar;C:\Users\adham\.m2\repository\io\fabric8\kubernetes-model\6.6.0\kubernetes-model-6.6.0.jar;C:\Users\adham\.m2\repository\io\fabric8\kubernetes-model-core\6.6.0\kubernetes-model-core-6.6.0.jar;C:\Users\adham\.m2\repository\io\fabric8\kubernetes-model-common\6.6.0\kubernetes-model-common-6.6.0.jar;C:\Users\adham\.m2\repository\io\fabric8\kubernetes-model-rbac\6.6.0\kubernetes-model-rbac-6.6.0.jar;C:\Users\adham\.m2\repository\io\fabric8\kubernetes-model-admissionregistration\6.6.0\kubernetes-model-admissionregistration-6.6.0.jar;C:\Users\adham\.m2\repository\io\fabric8\kubernetes-model-apps\6.6.0\kubernetes-model-apps-6.6.0.jar;C:\Users\adham\.m2\repository\io\fabric8\kubernetes-model-autoscaling\6.6.0\kubernetes-model-autoscaling-6.6.0.jar;C:\Users\adham\.m2\repository\io\fabric8\kubernetes-model-apiextensions\6.6.0\kubernetes-model-apiextensions-6.6.0.jar;C:\Users\adham\.m2\repository\io\fabric8\kubernetes-model-batch\6.6.0\kubernetes-model-batch-6.6.0.jar;C:\Users\adham\.m2\repository\io\fabric8\kubernetes-model-certificates\6.6.0\kubernetes-model-certificates-6.6.0.jar;C:\Users\adham\.m2\repository\io\fabric8\kubernetes-model-coordination\6.6.0\kubernetes-model-coordination-6.6.0.jar;C:\Users\adham\.m2\repository\io\fabric8\kubernetes-model-discovery\6.6.0\kubernetes-model-discovery-6.6.0.jar;C:\Users\adham\.m2\repository\io\fabric8\kubernetes-model-events\6.6.0\kubernetes-model-events-6.6.0.jar;C:\Users\adham\.m2\repository\io\fabric8\kubernetes-model-extensions\6.6.0\kubernetes-model-extensions-6.6.0.jar;C:\Users\adham\.m2\repository\io\fabric8\kubernetes-model-networking\6.6.0\kubernetes-model-networking-6.6.0.jar;C:\Users\adham\.m2\repository\io\fabric8\kubernetes-model-metrics\6.6.0\kubernetes-model-metrics-6.6.0.jar;C:\Users\adham\.m2\repository\io\fabric8\kubernetes-model-policy\6.6.0\kubernetes-model-policy-6.6.0.jar;C:\Users\adham\.m2\repository\io\fabric8\kubernetes-model-scheduling\6.6.0\kubernetes-model-scheduling-6.6.0.jar;C:\Users\adham\.m2\repository\io\fabric8\kubernetes-model-storageclass\6.6.0\kubernetes-model-storageclass-6.6.0.jar;C:\Users\adham\.m2\repository\io\fabric8\openshift-model\6.6.0\openshift-model-6.6.0.jar;C:\Users\adham\.m2\repository\io\fabric8\openshift-model-config\6.6.0\openshift-model-config-6.6.0.jar;C:\Users\adham\.m2\repository\com\fasterxml\jackson\core\jackson-annotations\2.14.2\jackson-annotations-2.14.2.jar;C:\Users\adham\.m2\repository\org\json\json\20230227\json-20230227.jar;C:\Users\adham\.m2\repository\mysql\mysql-connector-java\8.0.30\mysql-connector-java-8.0.30.jar;C:\Users\adham\.m2\repository\com\google\protobuf\protobuf-java\3.19.4\protobuf-java-3.19.4.jar;"/>
    <property name="java.vm.vendor" value="Oracle Corporation"/>
    <property name="sun.arch.data.model" value="64"/>
    <property name="user.variant" value=""/>
    <property name="java.vendor.url" value="https://java.oracle.com/"/>
    <property name="user.timezone" value="Africa/Cairo"/>
    <property name="os.name" value="Windows 10"/>
    <property name="java.vm.specification.version" value="17"/>
    <property name="sun.java.launcher" value="SUN_STANDARD"/>
    <property name="user.country" value="US"/>
    <property name="sun.boot.library.path" value="F:\UNI\Java17\bin"/>
    <property name="sun.java.command" value="C:\Users\adham\AppData\Local\Temp\surefire14127730544632793368\surefirebooter17826289405341736637.jar C:\Users\adham\AppData\Local\Temp\surefire14127730544632793368 2023-07-17T02-23-16_640-jvmRun1 surefire17780800359881542676tmp surefire_013027587791235887164tmp"/>
    <property name="jdk.debug" value="release"/>
    <property name="surefire.test.class.path" value="F:\UNI\gp\nodeMetricsToDb\node_metrics_to_db\target\test-classes;F:\UNI\gp\nodeMetricsToDb\node_metrics_to_db\target\classes;C:\Users\adham\.m2\repository\junit\junit\4.11\junit-4.11.jar;C:\Users\adham\.m2\repository\org\hamcrest\hamcrest-core\1.3\hamcrest-core-1.3.jar;C:\Users\adham\.m2\repository\io\fabric8\kubernetes-client\6.6.0\kubernetes-client-6.6.0.jar;C:\Users\adham\.m2\repository\io\fabric8\kubernetes-client-api\6.6.0\kubernetes-client-api-6.6.0.jar;C:\Users\adham\.m2\repository\io\fabric8\kubernetes-model-gatewayapi\6.6.0\kubernetes-model-gatewayapi-6.6.0.jar;C:\Users\adham\.m2\repository\io\fabric8\kubernetes-model-resource\6.6.0\kubernetes-model-resource-6.6.0.jar;C:\Users\adham\.m2\repository\io\fabric8\kubernetes-model-flowcontrol\6.6.0\kubernetes-model-flowcontrol-6.6.0.jar;C:\Users\adham\.m2\repository\io\fabric8\kubernetes-model-node\6.6.0\kubernetes-model-node-6.6.0.jar;C:\Users\adham\.m2\repository\org\slf4j\slf4j-api\1.7.36\slf4j-api-1.7.36.jar;C:\Users\adham\.m2\repository\org\snakeyaml\snakeyaml-engine\2.6\snakeyaml-engine-2.6.jar;C:\Users\adham\.m2\repository\com\fasterxml\jackson\dataformat\jackson-dataformat-yaml\2.14.2\jackson-dataformat-yaml-2.14.2.jar;C:\Users\adham\.m2\repository\org\yaml\snakeyaml\1.33\snakeyaml-1.33.jar;C:\Users\adham\.m2\repository\com\fasterxml\jackson\datatype\jackson-datatype-jsr310\2.14.2\jackson-datatype-jsr310-2.14.2.jar;C:\Users\adham\.m2\repository\com\fasterxml\jackson\core\jackson-databind\2.14.2\jackson-databind-2.14.2.jar;C:\Users\adham\.m2\repository\com\fasterxml\jackson\core\jackson-core\2.14.2\jackson-core-2.14.2.jar;C:\Users\adham\.m2\repository\io\fabric8\kubernetes-httpclient-okhttp\6.6.0\kubernetes-httpclient-okhttp-6.6.0.jar;C:\Users\adham\.m2\repository\com\squareup\okhttp3\okhttp\3.12.12\okhttp-3.12.12.jar;C:\Users\adham\.m2\repository\com\squareup\okio\okio\1.15.0\okio-1.15.0.jar;C:\Users\adham\.m2\repository\com\squareup\okhttp3\logging-interceptor\3.12.12\logging-interceptor-3.12.12.jar;C:\Users\adham\.m2\repository\io\fabric8\zjsonpatch\0.3.0\zjsonpatch-0.3.0.jar;C:\Users\adham\.m2\repository\io\fabric8\kubernetes-model\6.6.0\kubernetes-model-6.6.0.jar;C:\Users\adham\.m2\repository\io\fabric8\kubernetes-model-core\6.6.0\kubernetes-model-core-6.6.0.jar;C:\Users\adham\.m2\repository\io\fabric8\kubernetes-model-common\6.6.0\kubernetes-model-common-6.6.0.jar;C:\Users\adham\.m2\repository\io\fabric8\kubernetes-model-rbac\6.6.0\kubernetes-model-rbac-6.6.0.jar;C:\Users\adham\.m2\repository\io\fabric8\kubernetes-model-admissionregistration\6.6.0\kubernetes-model-admissionregistration-6.6.0.jar;C:\Users\adham\.m2\repository\io\fabric8\kubernetes-model-apps\6.6.0\kubernetes-model-apps-6.6.0.jar;C:\Users\adham\.m2\repository\io\fabric8\kubernetes-model-autoscaling\6.6.0\kubernetes-model-autoscaling-6.6.0.jar;C:\Users\adham\.m2\repository\io\fabric8\kubernetes-model-apiextensions\6.6.0\kubernetes-model-apiextensions-6.6.0.jar;C:\Users\adham\.m2\repository\io\fabric8\kubernetes-model-batch\6.6.0\kubernetes-model-batch-6.6.0.jar;C:\Users\adham\.m2\repository\io\fabric8\kubernetes-model-certificates\6.6.0\kubernetes-model-certificates-6.6.0.jar;C:\Users\adham\.m2\repository\io\fabric8\kubernetes-model-coordination\6.6.0\kubernetes-model-coordination-6.6.0.jar;C:\Users\adham\.m2\repository\io\fabric8\kubernetes-model-discovery\6.6.0\kubernetes-model-discovery-6.6.0.jar;C:\Users\adham\.m2\repository\io\fabric8\kubernetes-model-events\6.6.0\kubernetes-model-events-6.6.0.jar;C:\Users\adham\.m2\repository\io\fabric8\kubernetes-model-extensions\6.6.0\kubernetes-model-extensions-6.6.0.jar;C:\Users\adham\.m2\repository\io\fabric8\kubernetes-model-networking\6.6.0\kubernetes-model-networking-6.6.0.jar;C:\Users\adham\.m2\repository\io\fabric8\kubernetes-model-metrics\6.6.0\kubernetes-model-metrics-6.6.0.jar;C:\Users\adham\.m2\repository\io\fabric8\kubernetes-model-policy\6.6.0\kubernetes-model-policy-6.6.0.jar;C:\Users\adham\.m2\repository\io\fabric8\kubernetes-model-scheduling\6.6.0\kubernetes-model-scheduling-6.6.0.jar;C:\Users\adham\.m2\repository\io\fabric8\kubernetes-model-storageclass\6.6.0\kubernetes-model-storageclass-6.6.0.jar;C:\Users\adham\.m2\repository\io\fabric8\openshift-model\6.6.0\openshift-model-6.6.0.jar;C:\Users\adham\.m2\repository\io\fabric8\openshift-model-config\6.6.0\openshift-model-config-6.6.0.jar;C:\Users\adham\.m2\repository\com\fasterxml\jackson\core\jackson-annotations\2.14.2\jackson-annotations-2.14.2.jar;C:\Users\adham\.m2\repository\org\json\json\20230227\json-20230227.jar;C:\Users\adham\.m2\repository\mysql\mysql-connector-java\8.0.30\mysql-connector-java-8.0.30.jar;C:\Users\adham\.m2\repository\com\google\protobuf\protobuf-java\3.19.4\protobuf-java-3.19.4.jar;"/>
    <property name="sun.cpu.endian" value="little"/>
    <property name="user.home" value="C:\Users\adham"/>
    <property name="user.language" value="en"/>
    <property name="java.specification.vendor" value="Oracle Corporation"/>
    <property name="java.version.date" value="2023-01-17"/>
    <property name="java.home" value="F:\UNI\Java17"/>
    <property name="file.separator" value="\"/>
    <property name="basedir" value="F:\UNI\gp\nodeMetricsToDb\node_metrics_to_db"/>
    <property name="java.vm.compressedOopsMode" value="Zero based"/>
    <property name="line.separator" value="&#10;"/>
    <property name="java.vm.specification.vendor" value="Oracle Corporation"/>
    <property name="java.specification.name" value="Java Platform API Specification"/>
    <property name="surefire.real.class.path" value="C:\Users\adham\AppData\Local\Temp\surefire14127730544632793368\surefirebooter17826289405341736637.jar"/>
    <property name="user.script" value=""/>
    <property name="sun.management.compiler" value="HotSpot 64-Bit Tiered Compilers"/>
    <property name="java.runtime.version" value="17.0.6+9-LTS-190"/>
    <property name="user.name" value="adham"/>
    <property name="path.separator" value=";"/>
    <property name="os.version" value="10.0"/>
    <property name="java.runtime.name" value="Java(TM) SE Runtime Environment"/>
    <property name="file.encoding" value="Cp1252"/>
    <property name="java.vm.name" value="Java HotSpot(TM) 64-Bit Server VM"/>
    <property name="localRepository" value="C:\Users\adham\.m2\repository"/>
    <property name="java.vendor.url.bug" value="https://bugreport.java.com/bugreport/"/>
    <property name="java.io.tmpdir" value="C:\Users\adham\AppData\Local\Temp\"/>
    <property name="java.version" value="17.0.6"/>
    <property name="user.dir" value="F:\UNI\gp\nodeMetricsToDb\node_metrics_to_db"/>
    <property name="os.arch" value="amd64"/>
    <property name="java.vm.specification.name" value="Java Virtual Machine Specification"/>
    <property name="sun.os.patch.level" value=""/>
    <property name="native.encoding" value="Cp1252"/>
    <property name="java.library.path" value="F:\UNI\Java17\bin;C:\Windows\Sun\Java\bin;C:\Windows\system32;C:\Windows;C:\Program Files (x86)\Microsoft SDKs\Azure\CLI2\wbin;C:\Program Files\Common Files\Oracle\Java\javapath;E:\VMware\bin\;C:\Python311\Scripts\;C:\Python311\;C:\Users\adham\AppData\Local\Programs\Python\Python310\Scripts\;C:\Users\adham\AppData\Local\Programs\Python\Python310\;C:\Windows\system32;C:\Windows;C:\Windows\System32\Wbem;C:\Windows\System32\WindowsPowerShell\v1.0\;C:\Windows\System32\OpenSSH\;C:\Program Files\Git\cmd;C:\Program Files\Microsoft SQL Server\Client SDK\ODBC\170\Tools\Binn\;C:\Program Files (x86)\Microsoft SQL Server\150\Tools\Binn\;C:\Program Files\Microsoft SQL Server\150\Tools\Binn\;C:\Program Files\Microsoft SQL Server\150\DTS\Binn\;C:\Program Files (x86)\Microsoft SQL Server\150\DTS\Binn\;C:\Program Files\Azure Data Studio\bin;C:\ProgramData\chocolatey\bin;C:\Users\adham\AppData\Local\Android\Sdk\platform-tools;F:\UNI\CMake\bin;C:\Program Files\nodejs\;E:\chocolatey\bin;;C:\Program Files\Docker\Docker\resources\bin;C:\Users\adham\scoop\shims;C:\Program Files\MySQL\MySQL Shell 8.0\bin\;F:\UNI\thirdYear_secondTerm\testing\Ruby31-x64\bin;C:\Users\adham\AppData\Local\Programs\Eclipse Adoptium\jdk-11.0.13.8-hotspot\bin;C:\Users\adham\AppData\Local\Microsoft\WindowsApps;C:\Users\adham\AppData\Local\GitHubDesktop\bin;C:\Users\adham\AppData\Local\Programs\Microsoft VS Code\bin;C:\Program Files\Azure Data Studio\bin;C:\iverilog\bin;C:\iverilog\gtkwave\bin;F:\MinGW\bin;F:\UNI\thirdYear_secondTerm\maint\sonar-scanner-cli-4.7.0.2747-windows\sonar-scanner-4.7.0.2747-windows\bin;F:\UNI\New folder\IntelliJ IDEA Community Edition 2022.2.3\bin;F:\UNI\MAVEN\apache-maven-3.8.6-bin\apache-maven-3.8.6\bin;C:\Users\adham\AppData\Roaming\npm;C:\Program Files\nodejs;F:\UNI\FourtthYear_firstTerm\Containers\oc-4.11.18-windows;F:\UNI\Java17;F:\UNI\gp\anaconda3\Library\bin\conda.bat;F:\UNI\gp\anaconda3\Scripts\conda.exe;F:\UNI\gp\anaconda3\condabin\conda.bat;;E:\WORK\New folder\IntelliJ IDEA 2023.1\bin;;."/>
    <property name="java.vm.info" value="mixed mode, sharing"/>
    <property name="java.vendor" value="Oracle Corporation"/>
    <property name="java.vm.version" value="17.0.6+9-LTS-190"/>
    <property name="sun.io.unicode.encoding" value="UnicodeLittle"/>
    <property name="java.class.version" value="61.0"/>
  </properties>
  <testcase name="shouldAnswerWithTrue" classname="com.example.AppTest" time="0"/>
</testsuite>